. 
. xtdes

     wid:  443003, 1000002, ..., 1.924e+08                   n =       1065
     jid:  1, 2, ..., 8                                      T =          8
           Delta(jid) = 1 unit
           Span(jid)  = 8 periods
           (wid*jid uniquely identifies each observation)

Distribution of T_i:   min      5%     25%       50%       75%     95%     max
                         1       1       1         2         3       5       8

     Freq.  Percent    Cum. |  Pattern
 ---------------------------+----------
      372     34.93   34.93 |  1.......
      312     29.30   64.23 |  11......
      205     19.25   83.47 |  111.....
      116     10.89   94.37 |  1111....
       41      3.85   98.22 |  11111...
       14      1.31   99.53 |  111111..
        3      0.28   99.81 |  11111111
        2      0.19  100.00 |  1111111.
 ---------------------------+----------
     1065    100.00         |  XXXXXXXX

