. 
.  gen cohort=0

.  replace cohort= 30 if bc40==1
(129 real changes made)

.  replace cohort=40 if c40==1
(258 real changes made)

.  replace cohort=50 if c50==1
(394 real changes made)

.  replace cohort=60 if c60==1
(632 real changes made)

.  replace cohort=70 if c70==1
(663 real changes made)

.  replace cohort=80 if c80==1
(172 real changes made)

.  replace cohort=90 if c90==1
(1 real change made)

.  
.  tab cohort, sum(schooling)

            |        Summary of schooling
     cohort |        Mean   Std. Dev.       Freq.
------------+------------------------------------
          0 |           7           0           1
         30 |   7.9166667   2.0469834          72
         40 |   10.153846   2.9134336         169
         50 |   9.2101449   2.6709287         276
         60 |   9.3163482   2.5994533         471
         70 |    8.827051   2.3478169         451
         80 |   8.0882353   1.9905395          68
------------+------------------------------------
      Total |   9.1206897   2.5795936        1508

.  sjlog close

